Using pre-set license
Built from '2021.1/staging' branch; Version is '2021.1.6f1 (c0fade0cc7e9) revision 12647134'; Using compiler version '192528614'; Build Type 'Release'
OS: 'Windows 10 Home; OS build 19041.1052; Version 2004; 64bit' Language: 'en' Physical Memory: 16334 MB
BatchMode: 1, IsHumanControllingUs: 0, StartBugReporterOnCrash: 0, Is64bit: 1, IsPro: 0

 COMMAND LINE ARGUMENTS:
C:\Program Files\Unity\Hub\Editor\2021.1.6f1\Editor\Unity.exe
-adb2
-batchMode
-noUpm
-name
AssetImportWorker0
-projectPath
C:/Users/hagel/Documents/Unity/Cubson
-logFile
Logs/AssetImportWorker0.log
-srvPort
52845
Successfully changed project path to: C:/Users/hagel/Documents/Unity/Cubson
C:/Users/hagel/Documents/Unity/Cubson
Using Asset Import Pipeline V2.
Refreshing native plugins compatible for Editor in 61.38 ms, found 1 plugins.
Preloading 0 native plugins for Editor in 0.00 ms.
Initialize engine version: 2021.1.6f1 (c0fade0cc7e9)
[Subsystems] Discovering subsystems at path C:/Program Files/Unity/Hub/Editor/2021.1.6f1/Editor/Data/Resources/UnitySubsystems
[Subsystems] Discovering subsystems at path C:/Users/hagel/Documents/Unity/Cubson/Assets
GfxDevice: creating device client; threaded=0; jobified=0
Direct3D:
    Version:  Direct3D 11.0 [level 11.1]
    Renderer: AMD Radeon RX 5600 XT (ID=0x731f)
    Vendor:   ATI
    VRAM:     6103 MB
    Driver:   27.20.21002.112
Initialize mono
Mono path[0] = 'C:/Program Files/Unity/Hub/Editor/2021.1.6f1/Editor/Data/Managed'
Mono path[1] = 'C:/Program Files/Unity/Hub/Editor/2021.1.6f1/Editor/Data/MonoBleedingEdge/lib/mono/unityjit'
Mono config path = 'C:/Program Files/Unity/Hub/Editor/2021.1.6f1/Editor/Data/MonoBleedingEdge/etc'
Using monoOptions --debugger-agent=transport=dt_socket,embedding=1,server=y,suspend=n,address=127.0.0.1:56172
Begin MonoManager ReloadAssembly
Registering precompiled unity dll's ...
Register platform support module: C:/Program Files/Unity/Hub/Editor/2021.1.6f1/Editor/Data/PlaybackEngines/WindowsStandaloneSupport/UnityEditor.WindowsStandalone.Extensions.dll
Registered in 0.001777 seconds.
Native extension for WindowsStandalone target not found
Refreshing native plugins compatible for Editor in 64.48 ms, found 1 plugins.
Preloading 0 native plugins for Editor in 0.00 ms.
Mono: successfully reloaded assembly
- Completed reload, in  1.439 seconds
Platform modules already initialized, skipping
Registering precompiled user dll's ...
Registered in 0.002879 seconds.
Begin MonoManager ReloadAssembly
Native extension for WindowsStandalone target not found
Refreshing native plugins compatible for Editor in 0.60 ms, found 1 plugins.
Preloading 0 native plugins for Editor in 0.00 ms.
Mono: successfully reloaded assembly
- Completed reload, in  0.792 seconds
Platform modules already initialized, skipping
========================================================================
Worker process is ready to serve import requests
Launched and connected shader compiler UnityShaderCompiler.exe after 0.04 seconds
Refreshing native plugins compatible for Editor in 0.58 ms, found 1 plugins.
Preloading 0 native plugins for Editor in 0.00 ms.
Unloading 2694 Unused Serialized files (Serialized files now loaded: 0)
System memory in use before: 117.7 MB.
System memory in use after: 117.8 MB.

Unloading 15 unused Assets to reduce memory usage. Loaded Objects now: 3176.
Total: 1.967900 ms (FindLiveObjects: 0.240900 ms CreateObjectMapping: 0.072100 ms MarkObjects: 1.589400 ms  DeleteObjects: 0.064700 ms)

========================================================================
Received Import Request.
  path: Assets/Animation/LastRecordAnimation.anim
  artifactKey: Guid(c086b494d89528644a9e6c32a28e43e7) Importer(2089858483,934ff659095e30574adcf32a4c2f97b5)
Start importing Assets/Animation/LastRecordAnimation.anim using Guid(c086b494d89528644a9e6c32a28e43e7) Importer(2089858483,934ff659095e30574adcf32a4c2f97b5)  -> (artifact id: '69818a5e7863ba5ad5b7f433277aaf8e') in 0.070274 seconds 
========================================================================
Received Import Request.
  Time since last request: 0.000221 seconds.
  path: Assets/other/Gasalt-Thin.ttf
  artifactKey: Guid(d99ef786d5b28c1478f93cbe47bc9a75) Importer(2089858483,934ff659095e30574adcf32a4c2f97b5)
Start importing Assets/other/Gasalt-Thin.ttf using Guid(d99ef786d5b28c1478f93cbe47bc9a75) Importer(2089858483,934ff659095e30574adcf32a4c2f97b5)  -> (artifact id: 'dfb771a826ee4efd4c224a1955d76197') in 0.028831 seconds 
========================================================================
Received Import Request.
  Time since last request: 0.000203 seconds.
  path: Assets/other/slippery.physicMaterial
  artifactKey: Guid(fe9d9ed8ade6b6a48bbeb9966c7abe84) Importer(2089858483,934ff659095e30574adcf32a4c2f97b5)
Start importing Assets/other/slippery.physicMaterial using Guid(fe9d9ed8ade6b6a48bbeb9966c7abe84) Importer(2089858483,934ff659095e30574adcf32a4c2f97b5)  -> (artifact id: '603579281c9b28270aa461a4785b7066') in 0.010387 seconds 
========================================================================
Received Import Request.
  Time since last request: 0.000143 seconds.
  path: Assets/Animation/Cube.controller
  artifactKey: Guid(630c6279eacf8bc42875e258c2ed1591) Importer(2089858483,934ff659095e30574adcf32a4c2f97b5)
Start importing Assets/Animation/Cube.controller using Guid(630c6279eacf8bc42875e258c2ed1591) Importer(2089858483,934ff659095e30574adcf32a4c2f97b5)  -> (artifact id: '8f91a0c741d7ce3386481db1592becca') in 0.008756 seconds 
========================================================================
Received Import Request.
  Time since last request: 0.000172 seconds.
  path: Assets/Scripts/EndTrigger.cs
  artifactKey: Guid(cfdc75d9e3105604d9a0dd49d7962d84) Importer(2089858483,934ff659095e30574adcf32a4c2f97b5)
Start importing Assets/Scripts/EndTrigger.cs using Guid(cfdc75d9e3105604d9a0dd49d7962d84) Importer(2089858483,934ff659095e30574adcf32a4c2f97b5)  -> (artifact id: 'd9e2fd6ef143f18b0d826d6929ad0dba') in 0.014904 seconds 
========================================================================
Received Import Request.
  Time since last request: 0.000182 seconds.
  path: Assets/music/original/Komiku_-_58_-_Universe_big_takedown.mp3
  artifactKey: Guid(018cee71871d38e46b48928fc6b1b8f3) Importer(2089858483,934ff659095e30574adcf32a4c2f97b5)
Start importing Assets/music/original/Komiku_-_58_-_Universe_big_takedown.mp3 using Guid(018cee71871d38e46b48928fc6b1b8f3) Importer(2089858483,934ff659095e30574adcf32a4c2f97b5)  -> (artifact id: '33e0dad6152f31dc929cd2f32e8d5e4b') in 0.034074 seconds 
========================================================================
Received Import Request.
  Time since last request: 0.000176 seconds.
  path: Assets/Scripts/Sound.cs
  artifactKey: Guid(6a6293d3dc798834f973e05c0315627c) Importer(2089858483,934ff659095e30574adcf32a4c2f97b5)
Start importing Assets/Scripts/Sound.cs using Guid(6a6293d3dc798834f973e05c0315627c) Importer(2089858483,934ff659095e30574adcf32a4c2f97b5)  -> (artifact id: 'c1f6fd0afcbb667d52a06de5f322eb3a') in 0.007504 seconds 
========================================================================
Received Import Request.
  Time since last request: 0.000139 seconds.
  path: Assets/GoBack.cs
  artifactKey: Guid(5a960f7e1f5f28349b16a030ed74d4b1) Importer(2089858483,934ff659095e30574adcf32a4c2f97b5)
Start importing Assets/GoBack.cs using Guid(5a960f7e1f5f28349b16a030ed74d4b1) Importer(2089858483,934ff659095e30574adcf32a4c2f97b5)  -> (artifact id: '516c5980ac51f5042341de8b63d3d10c') in 0.007651 seconds 
========================================================================
Received Import Request.
  Time since last request: 0.000170 seconds.
  path: Assets/music/original/alexander-nakarada-chase.mp3
  artifactKey: Guid(0dce5cf2a0817054299f0220b2147eb3) Importer(2089858483,934ff659095e30574adcf32a4c2f97b5)
Start importing Assets/music/original/alexander-nakarada-chase.mp3 using Guid(0dce5cf2a0817054299f0220b2147eb3) Importer(2089858483,934ff659095e30574adcf32a4c2f97b5)  -> (artifact id: 'c731b5864f5e5d357672f65e372d0887') in 0.008429 seconds 
========================================================================
Received Import Request.
  Time since last request: 0.000182 seconds.
  path: Assets/Scripts/Credits.cs
  artifactKey: Guid(4d6e8cbce546f2e408942fff88a84311) Importer(2089858483,934ff659095e30574adcf32a4c2f97b5)
Start importing Assets/Scripts/Credits.cs using Guid(4d6e8cbce546f2e408942fff88a84311) Importer(2089858483,934ff659095e30574adcf32a4c2f97b5)  -> (artifact id: 'e32e12583aa150f327b6f64d43229a33') in 0.008995 seconds 
========================================================================
Received Import Request.
  Time since last request: 0.000149 seconds.
  path: Assets/Animation/LevelButton.controller
  artifactKey: Guid(d9182b25520454f499edeb7a44057bb8) Importer(2089858483,934ff659095e30574adcf32a4c2f97b5)
Start importing Assets/Animation/LevelButton.controller using Guid(d9182b25520454f499edeb7a44057bb8) Importer(2089858483,934ff659095e30574adcf32a4c2f97b5)  -> (artifact id: '134b7d27ea8304c850a58a89ef42211c') in 0.013493 seconds 
========================================================================
Received Import Request.
  Time since last request: 0.000175 seconds.
  path: Assets/materials/Obstacle.mat
  artifactKey: Guid(afb7ec61dc7ce114b977fda5c16e4551) Importer(2089858483,934ff659095e30574adcf32a4c2f97b5)
Start importing Assets/materials/Obstacle.mat using Guid(afb7ec61dc7ce114b977fda5c16e4551) Importer(2089858483,934ff659095e30574adcf32a4c2f97b5)  -> (artifact id: 'ef1bd7e7a592e741ce008b1c7f921081') in 0.011557 seconds 
========================================================================
Received Import Request.
  Time since last request: 0.000140 seconds.
  path: Assets/Animation/Fader_start.anim
  artifactKey: Guid(bd91a369968c8d746b76b03fe6e9cbf6) Importer(2089858483,934ff659095e30574adcf32a4c2f97b5)
Start importing Assets/Animation/Fader_start.anim using Guid(bd91a369968c8d746b76b03fe6e9cbf6) Importer(2089858483,934ff659095e30574adcf32a4c2f97b5)  -> (artifact id: '901330259fa2be4d6ddef0939fc7a952') in 0.007889 seconds 
========================================================================
Received Import Request.
  Time since last request: 0.000148 seconds.
  path: Assets/upgrade.cs
  artifactKey: Guid(331fbdc24874edc4dbce7424277f56f6) Importer(2089858483,934ff659095e30574adcf32a4c2f97b5)
Start importing Assets/upgrade.cs using Guid(331fbdc24874edc4dbce7424277f56f6) Importer(2089858483,934ff659095e30574adcf32a4c2f97b5)  -> (artifact id: 'abcbc494eba676bda80650efe7a7646b') in 0.007166 seconds 
========================================================================
Received Import Request.
  Time since last request: 0.000175 seconds.
  path: Assets/music/original/Anonymous420_-_07_-_Start_to_play.mp3
  artifactKey: Guid(f7ddce27456d68a4aaffb5fb4f08ed18) Importer(2089858483,934ff659095e30574adcf32a4c2f97b5)
Start importing Assets/music/original/Anonymous420_-_07_-_Start_to_play.mp3 using Guid(f7ddce27456d68a4aaffb5fb4f08ed18) Importer(2089858483,934ff659095e30574adcf32a4c2f97b5)  -> (artifact id: 'dcb313519bc70fbef0506bbb59d60a23') in 0.007675 seconds 
========================================================================
Received Import Request.
  Time since last request: 0.000161 seconds.
  path: Assets/music/alexander-nakarada-superepic.mp3
  artifactKey: Guid(82cffcf994cbaeb49806d64ab421b47b) Importer(2089858483,934ff659095e30574adcf32a4c2f97b5)
Start importing Assets/music/alexander-nakarada-superepic.mp3 using Guid(82cffcf994cbaeb49806d64ab421b47b) Importer(2089858483,934ff659095e30574adcf32a4c2f97b5)  -> (artifact id: 'dc42633cc18f1cff5532ab3fc169a9cc') in 0.008535 seconds 
========================================================================
Received Import Request.
  Time since last request: 0.000148 seconds.
  path: Assets/other/Heart.png
  artifactKey: Guid(f0037d69109046346b2e4f9d6373d719) Importer(2089858483,934ff659095e30574adcf32a4c2f97b5)
Start importing Assets/other/Heart.png using Guid(f0037d69109046346b2e4f9d6373d719) Importer(2089858483,934ff659095e30574adcf32a4c2f97b5)  -> (artifact id: 'e84417a9f203c5a819610e2341ae60d7') in 0.024803 seconds 
========================================================================
Received Import Request.
  Time since last request: 0.000145 seconds.
  path: Assets/other/rdrddrsesdrdr 1.png
  artifactKey: Guid(b6943a6613fca644085c3e04bbe49290) Importer(2089858483,934ff659095e30574adcf32a4c2f97b5)
Start importing Assets/other/rdrddrsesdrdr 1.png using Guid(b6943a6613fca644085c3e04bbe49290) Importer(2089858483,934ff659095e30574adcf32a4c2f97b5)  -> (artifact id: '39016f468b7f254ab4e6f1cd0aa50286') in 0.010567 seconds 
========================================================================
Received Import Request.
  Time since last request: 0.000126 seconds.
  path: Assets/music/original/Loyalty_Freak_Music_-_02_-_High_Technologic_Beat_Explosion.mp3
  artifactKey: Guid(1adac58bcccd3554db09cf3dad0edb26) Importer(2089858483,934ff659095e30574adcf32a4c2f97b5)
Start importing Assets/music/original/Loyalty_Freak_Music_-_02_-_High_Technologic_Beat_Explosion.mp3 using Guid(1adac58bcccd3554db09cf3dad0edb26) Importer(2089858483,934ff659095e30574adcf32a4c2f97b5)  -> (artifact id: 'b87ab63c708c3b10dc070fe56c4d8ca6') in 0.009104 seconds 
========================================================================
Received Import Request.
  Time since last request: 0.000165 seconds.
  path: Assets/Animation/HealthBarDamage.anim
  artifactKey: Guid(c99473fe5eb9d124dbf4ead213e9881a) Importer(2089858483,934ff659095e30574adcf32a4c2f97b5)
Start importing Assets/Animation/HealthBarDamage.anim using Guid(c99473fe5eb9d124dbf4ead213e9881a) Importer(2089858483,934ff659095e30574adcf32a4c2f97b5)  -> (artifact id: '896457ea7ca9597bd7f3a3934a544643') in 0.007496 seconds 
========================================================================
Received Import Request.
  Time since last request: 0.000143 seconds.
  path: Assets/ObstacleDissapear.cs
  artifactKey: Guid(6d5df45d5cd809a4fb887e04bcf2745a) Importer(2089858483,934ff659095e30574adcf32a4c2f97b5)
Start importing Assets/ObstacleDissapear.cs using Guid(6d5df45d5cd809a4fb887e04bcf2745a) Importer(2089858483,934ff659095e30574adcf32a4c2f97b5)  -> (artifact id: 'b7500eb1b0aaf63cd864e0cdf757dff7') in 0.007886 seconds 
========================================================================
Received Import Request.
  Time since last request: 0.000178 seconds.
  path: Assets/Prefab/END.prefab
  artifactKey: Guid(a74cf004a9c90ed4ca10f5348674683c) Importer(2089858483,934ff659095e30574adcf32a4c2f97b5)
Start importing Assets/Prefab/END.prefab using Guid(a74cf004a9c90ed4ca10f5348674683c) Importer(2089858483,934ff659095e30574adcf32a4c2f97b5)  -> (artifact id: '8ee01c39f51cf30482fd1e81ec7dc15e') in 0.009004 seconds 
========================================================================
Received Import Request.
  Time since last request: 0.000134 seconds.
  path: Assets/other/Bar.png
  artifactKey: Guid(f576a0ae73ef80f4cb7dd7f6c630356e) Importer(2089858483,934ff659095e30574adcf32a4c2f97b5)
Start importing Assets/other/Bar.png using Guid(f576a0ae73ef80f4cb7dd7f6c630356e) Importer(2089858483,934ff659095e30574adcf32a4c2f97b5)  -> (artifact id: '2ebf17a37b76f9d0b12327293634f884') in 0.013656 seconds 
========================================================================
Received Import Request.
  Time since last request: 0.000162 seconds.
  path: Assets/other/rydrtddrtgsdr 1.png
  artifactKey: Guid(b7a89686d23113843ab1386ce0d9eba5) Importer(2089858483,934ff659095e30574adcf32a4c2f97b5)
Start importing Assets/other/rydrtddrtgsdr 1.png using Guid(b7a89686d23113843ab1386ce0d9eba5) Importer(2089858483,934ff659095e30574adcf32a4c2f97b5)  -> (artifact id: '154cd2ac3be168163759cf944d34a22d') in 0.012011 seconds 
========================================================================
Received Import Request.
  Time since last request: 0.000132 seconds.
  path: Assets/Scenes/Start.unity
  artifactKey: Guid(9a14edd3b22450341a0dd3cf66aed42b) Importer(2089858483,934ff659095e30574adcf32a4c2f97b5)
Start importing Assets/Scenes/Start.unity using Guid(9a14edd3b22450341a0dd3cf66aed42b) Importer(2089858483,934ff659095e30574adcf32a4c2f97b5)  -> (artifact id: '580e36d9da422a442a9866319e129c5b') in 0.007916 seconds 
========================================================================
Received Import Request.
  Time since last request: 0.000115 seconds.
  path: Assets/Scripts/SetRandomColor.cs
  artifactKey: Guid(3783338089dd1e642b4f4e72325be4b0) Importer(2089858483,934ff659095e30574adcf32a4c2f97b5)
Start importing Assets/Scripts/SetRandomColor.cs using Guid(3783338089dd1e642b4f4e72325be4b0) Importer(2089858483,934ff659095e30574adcf32a4c2f97b5)  -> (artifact id: '4ad2a6bc6f66460732acbb300f9ac169') in 0.008141 seconds 
========================================================================
Received Import Request.
  Time since last request: 0.000146 seconds.
  path: Assets/Animation/LevelComplite.controller
  artifactKey: Guid(5cdfe208f1d93cd4cacebdbafe397656) Importer(2089858483,934ff659095e30574adcf32a4c2f97b5)
Start importing Assets/Animation/LevelComplite.controller using Guid(5cdfe208f1d93cd4cacebdbafe397656) Importer(2089858483,934ff659095e30574adcf32a4c2f97b5)  -> (artifact id: '31f3bfb1d6b9085d1edeb2449be5c262') in 0.008487 seconds 
========================================================================
Received Import Request.
  Time since last request: 0.000128 seconds.
  path: Assets/Scripts/Fader.cs
  artifactKey: Guid(91c628a6b8b3534439f2c02f4d714a2b) Importer(2089858483,934ff659095e30574adcf32a4c2f97b5)
Start importing Assets/Scripts/Fader.cs using Guid(91c628a6b8b3534439f2c02f4d714a2b) Importer(2089858483,934ff659095e30574adcf32a4c2f97b5)  -> (artifact id: 'e3e681321037df7d46d61b4a37478685') in 0.007298 seconds 
========================================================================
Received Import Request.
  Time since last request: 0.000110 seconds.
  path: Assets/Prefab/UseSkill.prefab
  artifactKey: Guid(de37791608baee846b7517c52aa475dd) Importer(2089858483,934ff659095e30574adcf32a4c2f97b5)
Start importing Assets/Prefab/UseSkill.prefab using Guid(de37791608baee846b7517c52aa475dd) Importer(2089858483,934ff659095e30574adcf32a4c2f97b5)  -> (artifact id: '6e88cdc4380ee29f54bc39a75f0b6585') in 0.008929 seconds 
========================================================================
Received Import Request.
  Time since last request: 0.000142 seconds.
  path: Assets/Scripts/Score.cs
  artifactKey: Guid(c064b172ecda1724aaebda4cadf735fe) Importer(2089858483,934ff659095e30574adcf32a4c2f97b5)
Start importing Assets/Scripts/Score.cs using Guid(c064b172ecda1724aaebda4cadf735fe) Importer(2089858483,934ff659095e30574adcf32a4c2f97b5)  -> (artifact id: '0f9b82c1b0ee21f990a726a00978aa4d') in 0.009188 seconds 
========================================================================
Received Import Request.
  Time since last request: 0.000149 seconds.
  path: Assets/music/original/Monplaisir_-_05_-_Level_2.mp3
  artifactKey: Guid(763645599127b33489c38f8b94346869) Importer(2089858483,934ff659095e30574adcf32a4c2f97b5)
Start importing Assets/music/original/Monplaisir_-_05_-_Level_2.mp3 using Guid(763645599127b33489c38f8b94346869) Importer(2089858483,934ff659095e30574adcf32a4c2f97b5)  -> (artifact id: '0a72fc66703b48e2f816ec3a0261cb17') in 0.008336 seconds 
========================================================================
Received Import Request.
  Time since last request: 0.000172 seconds.
  path: Assets/Animation/ErnedMoneyAnimation.anim
  artifactKey: Guid(5048c433cd6e80c4badb746afb24ab58) Importer(2089858483,934ff659095e30574adcf32a4c2f97b5)
Start importing Assets/Animation/ErnedMoneyAnimation.anim using Guid(5048c433cd6e80c4badb746afb24ab58) Importer(2089858483,934ff659095e30574adcf32a4c2f97b5)  -> (artifact id: '768dd100a1d7cab715829c05111fd9a1') in 0.007113 seconds 
========================================================================
Received Import Request.
  Time since last request: 0.000150 seconds.
  path: Assets/materials/EndLevel.mat
  artifactKey: Guid(1aea25e601bbbd245b855e311572d04d) Importer(2089858483,934ff659095e30574adcf32a4c2f97b5)
Start importing Assets/materials/EndLevel.mat using Guid(1aea25e601bbbd245b855e311572d04d) Importer(2089858483,934ff659095e30574adcf32a4c2f97b5)  -> (artifact id: 'e58ddcb3271bf39099745eb15120eb25') in 0.008160 seconds 
========================================================================
Received Import Request.
  Time since last request: 0.000151 seconds.
  path: Assets/skill.cs
  artifactKey: Guid(c142f6edaffc9bc4a89726d9ce0945c2) Importer(2089858483,934ff659095e30574adcf32a4c2f97b5)
Start importing Assets/skill.cs using Guid(c142f6edaffc9bc4a89726d9ce0945c2) Importer(2089858483,934ff659095e30574adcf32a4c2f97b5)  -> (artifact id: '678ec478d7a9670b6bdb0437f1f3c024') in 0.007377 seconds 
========================================================================
Received Import Request.
  Time since last request: 0.000158 seconds.
  path: Assets/Scripts/LevelComplite.cs
  artifactKey: Guid(4b2f549c1780c6e4084de06813adaa4a) Importer(2089858483,934ff659095e30574adcf32a4c2f97b5)
Start importing Assets/Scripts/LevelComplite.cs using Guid(4b2f549c1780c6e4084de06813adaa4a) Importer(2089858483,934ff659095e30574adcf32a4c2f97b5)  -> (artifact id: '5d69b9f5fe8f41a9bad77ddaf12f4045') in 0.007745 seconds 
========================================================================
Received Import Request.
  Time since last request: 0.000167 seconds.
  path: Assets/Scripts/CreateButtons.cs
  artifactKey: Guid(9660d1a3ada378d4f8312adaed409497) Importer(2089858483,934ff659095e30574adcf32a4c2f97b5)
Start importing Assets/Scripts/CreateButtons.cs using Guid(9660d1a3ada378d4f8312adaed409497) Importer(2089858483,934ff659095e30574adcf32a4c2f97b5)  -> (artifact id: '396e5ee6e778256e86093dd1dcb3ba7b') in 0.008729 seconds 
========================================================================
Received Import Request.
  Time since last request: 0.000125 seconds.
  path: Assets/other/rydrtddrtgsdr 2.png
  artifactKey: Guid(ec5c06ea6ee3ad941adf0dd087bf250e) Importer(2089858483,934ff659095e30574adcf32a4c2f97b5)
Start importing Assets/other/rydrtddrtgsdr 2.png using Guid(ec5c06ea6ee3ad941adf0dd087bf250e) Importer(2089858483,934ff659095e30574adcf32a4c2f97b5)  -> (artifact id: '1846df28ba37aa280ec7ec103dd64f28') in 0.015405 seconds 
========================================================================
Received Import Request.
  Time since last request: 0.000179 seconds.
  path: Assets/music/original/punch-deck-brazilian-street-fight.mp3
  artifactKey: Guid(d9e1105862046d043a633e3b2b91fb86) Importer(2089858483,934ff659095e30574adcf32a4c2f97b5)
Start importing Assets/music/original/punch-deck-brazilian-street-fight.mp3 using Guid(d9e1105862046d043a633e3b2b91fb86) Importer(2089858483,934ff659095e30574adcf32a4c2f97b5)  -> (artifact id: 'c901ce6daa2988d06cb0466ba1a3f8e9') in 0.007791 seconds 
========================================================================
Received Import Request.
  Time since last request: 0.000167 seconds.
  path: Assets/Scenes/Level Menu.unity
  artifactKey: Guid(9ea0f6360f7a45540abab6ffa5303691) Importer(2089858483,934ff659095e30574adcf32a4c2f97b5)
Start importing Assets/Scenes/Level Menu.unity using Guid(9ea0f6360f7a45540abab6ffa5303691) Importer(2089858483,934ff659095e30574adcf32a4c2f97b5)  -> (artifact id: 'bb16b24cedeac1937a5a9fad06428700') in 0.008647 seconds 
========================================================================
Received Import Request.
  Time since last request: 0.000156 seconds.
  path: Assets/Prefab/AudioManager.prefab
  artifactKey: Guid(1444071887591964f852f25a5ab99d69) Importer(2089858483,934ff659095e30574adcf32a4c2f97b5)
Start importing Assets/Prefab/AudioManager.prefab using Guid(1444071887591964f852f25a5ab99d69) Importer(2089858483,934ff659095e30574adcf32a4c2f97b5)  -> (artifact id: 'cce80eafeef8225c28b0b7d8c9f76cb7') in 0.007562 seconds 
========================================================================
Received Import Request.
  Time since last request: 0.000147 seconds.
  path: Assets/music/original/makai-symphony-dragon-slayer.mp3
  artifactKey: Guid(4d5f37d1dac2c504b9a26342970db116) Importer(2089858483,934ff659095e30574adcf32a4c2f97b5)
Start importing Assets/music/original/makai-symphony-dragon-slayer.mp3 using Guid(4d5f37d1dac2c504b9a26342970db116) Importer(2089858483,934ff659095e30574adcf32a4c2f97b5)  -> (artifact id: '11b9b2ba7054aec75039546accb8802e') in 0.007191 seconds 
========================================================================
Received Import Request.
  Time since last request: 0.000165 seconds.
  path: Assets/other/201600150_484491979316786_1241463725428753272_n.jpg
  artifactKey: Guid(bd08ab6f58dd7854eafa4c928604919f) Importer(2089858483,934ff659095e30574adcf32a4c2f97b5)
Start importing Assets/other/201600150_484491979316786_1241463725428753272_n.jpg using Guid(bd08ab6f58dd7854eafa4c928604919f) Importer(2089858483,934ff659095e30574adcf32a4c2f97b5)  -> (artifact id: '47ff0c57fe3eebb1a1d46a98ba34dc93') in 0.029114 seconds 
========================================================================
Received Import Request.
  Time since last request: 0.000142 seconds.
  path: Assets/Animation/ScrollRect.controller
  artifactKey: Guid(ee150d47756db434d9fa6267cfa95ead) Importer(2089858483,934ff659095e30574adcf32a4c2f97b5)
Start importing Assets/Animation/ScrollRect.controller using Guid(ee150d47756db434d9fa6267cfa95ead) Importer(2089858483,934ff659095e30574adcf32a4c2f97b5)  -> (artifact id: '153e5fcb19109c43a787731197714bdd') in 0.007897 seconds 
========================================================================
Received Import Request.
  Time since last request: 0.000143 seconds.
  path: Assets/Animation/LevelComplite.anim
  artifactKey: Guid(20f7eeffb2b491e40bfc385586462fbf) Importer(2089858483,934ff659095e30574adcf32a4c2f97b5)
Start importing Assets/Animation/LevelComplite.anim using Guid(20f7eeffb2b491e40bfc385586462fbf) Importer(2089858483,934ff659095e30574adcf32a4c2f97b5)  -> (artifact id: '36a027a4006896e107a030b87823a879') in 0.006951 seconds 
========================================================================
Received Import Request.
  Time since last request: 0.000141 seconds.
  path: Assets/materials/LastRecord.mat
  artifactKey: Guid(6d1592418018123478695a71bec6e7f1) Importer(2089858483,934ff659095e30574adcf32a4c2f97b5)
Start importing Assets/materials/LastRecord.mat using Guid(6d1592418018123478695a71bec6e7f1) Importer(2089858483,934ff659095e30574adcf32a4c2f97b5)  -> (artifact id: '998ff9215e493181a1538b5985ed66f9') in 0.007722 seconds 
========================================================================
Received Import Request.
  Time since last request: 0.000134 seconds.
  path: Assets/Prefab/START.prefab
  artifactKey: Guid(7d7e8d42f11b475468384c77b6f2a92b) Importer(2089858483,934ff659095e30574adcf32a4c2f97b5)
Start importing Assets/Prefab/START.prefab using Guid(7d7e8d42f11b475468384c77b6f2a92b) Importer(2089858483,934ff659095e30574adcf32a4c2f97b5)  -> (artifact id: 'eb48b364b224bd192b1a96baf0833e28') in 0.007534 seconds 
========================================================================
Received Import Request.
  Time since last request: 0.000128 seconds.
  path: Assets/music/original/Anonymous420_-_02_-_First_step_for_your_first_tech.mp3
  artifactKey: Guid(52f63ca9bf7df6f4fbb12668fc42a23a) Importer(2089858483,934ff659095e30574adcf32a4c2f97b5)
Start importing Assets/music/original/Anonymous420_-_02_-_First_step_for_your_first_tech.mp3 using Guid(52f63ca9bf7df6f4fbb12668fc42a23a) Importer(2089858483,934ff659095e30574adcf32a4c2f97b5)  -> (artifact id: 'a0b029395dcd1d260e708017d99fcd7c') in 0.008839 seconds 
========================================================================
Received Import Request.
  Time since last request: 0.000111 seconds.
  path: Assets/music/original/Komiku_-_07_-_Battle_of_Pogs.mp3
  artifactKey: Guid(e8524368027d24e4b9700cd1a235db09) Importer(2089858483,934ff659095e30574adcf32a4c2f97b5)
Start importing Assets/music/original/Komiku_-_07_-_Battle_of_Pogs.mp3 using Guid(e8524368027d24e4b9700cd1a235db09) Importer(2089858483,934ff659095e30574adcf32a4c2f97b5)  -> (artifact id: '1c2f9be892143fa9bbeb73e296f7bb9e') in 0.007959 seconds 
========================================================================
Received Import Request.
  Time since last request: 0.000148 seconds.
  path: Assets/Animation/Fader_end.anim
  artifactKey: Guid(6757b8485765fa8458fb80c1d9939136) Importer(2089858483,934ff659095e30574adcf32a4c2f97b5)
Start importing Assets/Animation/Fader_end.anim using Guid(6757b8485765fa8458fb80c1d9939136) Importer(2089858483,934ff659095e30574adcf32a4c2f97b5)  -> (artifact id: '221c0bfbd487e69854ffff9f691ef9f6') in 0.007682 seconds 
========================================================================
Received Import Request.
  Time since last request: 0.000188 seconds.
  path: Assets/Abilities.cs
  artifactKey: Guid(729e24e6480204749a037d14de8f8bc1) Importer(2089858483,934ff659095e30574adcf32a4c2f97b5)
Start importing Assets/Abilities.cs using Guid(729e24e6480204749a037d14de8f8bc1) Importer(2089858483,934ff659095e30574adcf32a4c2f97b5)  -> (artifact id: '18ce8704cca5d45ae394a0443be70a1c') in 0.007466 seconds 
========================================================================
Received Import Request.
  Time since last request: 0.000160 seconds.
  path: Assets/Scripts/SetDifficulty.cs
  artifactKey: Guid(c7d199da1ac71c64b8b8d42880be72e8) Importer(2089858483,934ff659095e30574adcf32a4c2f97b5)
Start importing Assets/Scripts/SetDifficulty.cs using Guid(c7d199da1ac71c64b8b8d42880be72e8) Importer(2089858483,934ff659095e30574adcf32a4c2f97b5)  -> (artifact id: '4fbfa6a2d49eb130983d9c1d0a7a8245') in 0.008030 seconds 
========================================================================
Received Import Request.
  Time since last request: 0.000171 seconds.
  path: Assets/Scripts/AddRandomForse.cs
  artifactKey: Guid(7e09b378e761eb8479699ab9595f083f) Importer(2089858483,934ff659095e30574adcf32a4c2f97b5)
Start importing Assets/Scripts/AddRandomForse.cs using Guid(7e09b378e761eb8479699ab9595f083f) Importer(2089858483,934ff659095e30574adcf32a4c2f97b5)  -> (artifact id: 'de2db03a381750b8ba2fceb13b5551a0') in 0.008267 seconds 
========================================================================
Received Import Request.
  Time since last request: 0.000166 seconds.
  path: Assets/other/Gasalt-Black.ttf
  artifactKey: Guid(7c01be32d1cc1eb4f9c4a775e73986a0) Importer(2089858483,934ff659095e30574adcf32a4c2f97b5)
Start importing Assets/other/Gasalt-Black.ttf using Guid(7c01be32d1cc1eb4f9c4a775e73986a0) Importer(2089858483,934ff659095e30574adcf32a4c2f97b5)  -> (artifact id: '99b040ee25995d283b3cad738cfde64e') in 0.010427 seconds 
========================================================================
Received Import Request.
  Time since last request: 0.000145 seconds.
  path: Assets/music/original/Anonymous420_-_03_-_Four_blocks_Big_BOOM.mp3
  artifactKey: Guid(4219f361295b2ee4fbb85e2bdb8c2f73) Importer(2089858483,934ff659095e30574adcf32a4c2f97b5)
Start importing Assets/music/original/Anonymous420_-_03_-_Four_blocks_Big_BOOM.mp3 using Guid(4219f361295b2ee4fbb85e2bdb8c2f73) Importer(2089858483,934ff659095e30574adcf32a4c2f97b5)  -> (artifact id: '2d091d8a7f49029f59cc9b5b2f2286d4') in 0.007950 seconds 
========================================================================
Received Import Request.
  Time since last request: 0.000176 seconds.
  path: Assets/music/original/Monplaisir_-_07_-_Level_4.mp3
  artifactKey: Guid(789987ca2351a43469941880c7fa7980) Importer(2089858483,934ff659095e30574adcf32a4c2f97b5)
Start importing Assets/music/original/Monplaisir_-_07_-_Level_4.mp3 using Guid(789987ca2351a43469941880c7fa7980) Importer(2089858483,934ff659095e30574adcf32a4c2f97b5)  -> (artifact id: '8b2b23ba8ebdedc3efa924183634bd5e') in 0.008608 seconds 
========================================================================
Received Import Request.
  Time since last request: 0.000127 seconds.
  path: Assets/Prefab/Skill Panel.prefab
  artifactKey: Guid(aaf00b6990f859946a8f625193f6ef32) Importer(2089858483,934ff659095e30574adcf32a4c2f97b5)
Start importing Assets/Prefab/Skill Panel.prefab using Guid(aaf00b6990f859946a8f625193f6ef32) Importer(2089858483,934ff659095e30574adcf32a4c2f97b5)  -> (artifact id: 'a9220c5a815c755bc10e8714d913522e') in 0.008308 seconds 
========================================================================
Received Import Request.
  Time since last request: 0.000142 seconds.
  path: Assets/other/New Lighting Settings.lighting
  artifactKey: Guid(f365cfc717f704141879707fa8069b2d) Importer(2089858483,934ff659095e30574adcf32a4c2f97b5)
Start importing Assets/other/New Lighting Settings.lighting using Guid(f365cfc717f704141879707fa8069b2d) Importer(2089858483,934ff659095e30574adcf32a4c2f97b5)  -> (artifact id: 'e1b3f4d487f5ad08aa3c1dcfda786ae7') in 0.009272 seconds 
========================================================================
Received Import Request.
  Time since last request: 0.000156 seconds.
  path: Assets/Scripts/PlayerCollision.cs
  artifactKey: Guid(9cd1f1719824e3440978815bf1c429f6) Importer(2089858483,934ff659095e30574adcf32a4c2f97b5)
Start importing Assets/Scripts/PlayerCollision.cs using Guid(9cd1f1719824e3440978815bf1c429f6) Importer(2089858483,934ff659095e30574adcf32a4c2f97b5)  -> (artifact id: 'b74b5230e2b01bdc73462f5e460b688e') in 0.007348 seconds 
========================================================================
Received Import Request.
  Time since last request: 0.000182 seconds.
  path: Assets/music/original/Monplaisir_-_08_-_Level_8.mp3
  artifactKey: Guid(5ffbfb46a1212764290db7bb49d0e7f0) Importer(2089858483,934ff659095e30574adcf32a4c2f97b5)
Start importing Assets/music/original/Monplaisir_-_08_-_Level_8.mp3 using Guid(5ffbfb46a1212764290db7bb49d0e7f0) Importer(2089858483,934ff659095e30574adcf32a4c2f97b5)  -> (artifact id: '0370411ad748d00bf3bc9b6dd7faca47') in 0.012779 seconds 
========================================================================
Received Import Request.
  Time since last request: 0.000148 seconds.
  path: Assets/Scripts/START.cs
  artifactKey: Guid(fd5049586d98edb47995f8f4a64ae5bb) Importer(2089858483,934ff659095e30574adcf32a4c2f97b5)
Start importing Assets/Scripts/START.cs using Guid(fd5049586d98edb47995f8f4a64ae5bb) Importer(2089858483,934ff659095e30574adcf32a4c2f97b5)  -> (artifact id: '15066b193efe378a625dfeb6dcd17397') in 0.007760 seconds 
========================================================================
Received Import Request.
  Time since last request: 0.000185 seconds.
  path: Assets/other/rydrtddrtgsdr.png
  artifactKey: Guid(2f538b4be214ff34684cc2077bedc6b6) Importer(2089858483,934ff659095e30574adcf32a4c2f97b5)
Start importing Assets/other/rydrtddrtgsdr.png using Guid(2f538b4be214ff34684cc2077bedc6b6) Importer(2089858483,934ff659095e30574adcf32a4c2f97b5)  -> (artifact id: '95029cb5233bbf04c69948180af7f257') in 0.011717 seconds 
========================================================================
Received Import Request.
  Time since last request: 0.000205 seconds.
  path: Assets/Scripts/Menu.cs
  artifactKey: Guid(da7e64c12af1f5741977de9a1113a52c) Importer(2089858483,934ff659095e30574adcf32a4c2f97b5)
Start importing Assets/Scripts/Menu.cs using Guid(da7e64c12af1f5741977de9a1113a52c) Importer(2089858483,934ff659095e30574adcf32a4c2f97b5)  -> (artifact id: '3a0c253921bcce6014746f8504351b5b') in 0.008906 seconds 
========================================================================
Received Import Request.
  Time since last request: 0.000176 seconds.
  path: Assets/music/original/Soft_and_Furious_-_05_-_Falling_into_the_game.mp3
  artifactKey: Guid(ed758b932326a304991421cccf33dd41) Importer(2089858483,934ff659095e30574adcf32a4c2f97b5)
Start importing Assets/music/original/Soft_and_Furious_-_05_-_Falling_into_the_game.mp3 using Guid(ed758b932326a304991421cccf33dd41) Importer(2089858483,934ff659095e30574adcf32a4c2f97b5)  -> (artifact id: '10ec5687391e0987d03203566e668605') in 0.009427 seconds 
========================================================================
Received Import Request.
  Time since last request: 0.000140 seconds.
  path: Assets/Prefab/GamaManager.prefab
  artifactKey: Guid(e745341f830ebaa47852dccfee2f23f2) Importer(2089858483,934ff659095e30574adcf32a4c2f97b5)
Start importing Assets/Prefab/GamaManager.prefab using Guid(e745341f830ebaa47852dccfee2f23f2) Importer(2089858483,934ff659095e30574adcf32a4c2f97b5)  -> (artifact id: '5449746d9c9b61abeaf61971dbd7fbe9') in 0.007645 seconds 
========================================================================
Received Import Request.
  Time since last request: 0.000134 seconds.
  path: Assets/Prefab/LevelButton.prefab
  artifactKey: Guid(804fc7170cf7a7248890b5e0c5df42e3) Importer(2089858483,934ff659095e30574adcf32a4c2f97b5)
Start importing Assets/Prefab/LevelButton.prefab using Guid(804fc7170cf7a7248890b5e0c5df42e3) Importer(2089858483,934ff659095e30574adcf32a4c2f97b5)  -> (artifact id: 'af28ecf88d49b193ebd371864a98b5f4') in 0.006610 seconds 
========================================================================
Received Import Request.
  Time since last request: 0.000175 seconds.
  path: Assets/Prefab/Obstacle.prefab
  artifactKey: Guid(ac5f55db842cc474fa5626505dd242f5) Importer(2089858483,934ff659095e30574adcf32a4c2f97b5)
Start importing Assets/Prefab/Obstacle.prefab using Guid(ac5f55db842cc474fa5626505dd242f5) Importer(2089858483,934ff659095e30574adcf32a4c2f97b5)  -> (artifact id: 'e8fb2a522571017272a4cbf29442c98b') in 0.007715 seconds 
========================================================================
Received Import Request.
  Time since last request: 0.000147 seconds.
  path: Assets/materials/Player.mat
  artifactKey: Guid(897be59f691c0c849ad85cb0ccb37f16) Importer(2089858483,934ff659095e30574adcf32a4c2f97b5)
Start importing Assets/materials/Player.mat using Guid(897be59f691c0c849ad85cb0ccb37f16) Importer(2089858483,934ff659095e30574adcf32a4c2f97b5)  -> (artifact id: 'ee174c94bffefb92b855e634c2e708f0') in 0.008940 seconds 
========================================================================
Received Import Request.
  Time since last request: 0.000151 seconds.
  path: Assets/Animation/Canvas.controller
  artifactKey: Guid(f1ac535dec4b4bf46858c08a1f149cb5) Importer(2089858483,934ff659095e30574adcf32a4c2f97b5)
Start importing Assets/Animation/Canvas.controller using Guid(f1ac535dec4b4bf46858c08a1f149cb5) Importer(2089858483,934ff659095e30574adcf32a4c2f97b5)  -> (artifact id: '4b44e8a07f20c21bf3fcc2ccbde861ac') in 0.008806 seconds 
========================================================================
Received Import Request.
  Time since last request: 0.000144 seconds.
  path: Assets/Scripts/RoteteInMenu.cs
  artifactKey: Guid(a350366e72e0bc047bf08f71069372e4) Importer(2089858483,934ff659095e30574adcf32a4c2f97b5)
Start importing Assets/Scripts/RoteteInMenu.cs using Guid(a350366e72e0bc047bf08f71069372e4) Importer(2089858483,934ff659095e30574adcf32a4c2f97b5)  -> (artifact id: '40229f946b3aa1e56e82e3dbada18c43') in 0.007251 seconds 
========================================================================
Received Import Request.
  Time since last request: 0.000174 seconds.
  path: Assets/Scenes/Shop.unity
  artifactKey: Guid(4f82a2659b524734294f76ab9719f1fb) Importer(2089858483,934ff659095e30574adcf32a4c2f97b5)
Start importing Assets/Scenes/Shop.unity using Guid(4f82a2659b524734294f76ab9719f1fb) Importer(2089858483,934ff659095e30574adcf32a4c2f97b5)  -> (artifact id: '79bee096b6374bacc77b2fe93f773efb') in 0.007957 seconds 
========================================================================
Received Import Request.
  Time since last request: 0.000197 seconds.
  path: Assets/Prefab/Player.prefab
  artifactKey: Guid(cfde75e77fa0e6e4cb4683aa37abfff3) Importer(2089858483,934ff659095e30574adcf32a4c2f97b5)
Start importing Assets/Prefab/Player.prefab using Guid(cfde75e77fa0e6e4cb4683aa37abfff3) Importer(2089858483,934ff659095e30574adcf32a4c2f97b5)  -> (artifact id: 'e43a501637a665a65976d47a10b73bc6') in 0.007899 seconds 
========================================================================
Received Import Request.
  Time since last request: 0.000221 seconds.
  path: Assets/HealthBar.cs
  artifactKey: Guid(7843c9dcb3547e549a50a0bdd2407301) Importer(2089858483,934ff659095e30574adcf32a4c2f97b5)
Start importing Assets/HealthBar.cs using Guid(7843c9dcb3547e549a50a0bdd2407301) Importer(2089858483,934ff659095e30574adcf32a4c2f97b5)  -> (artifact id: '3404aef0715fabaa29dd929056007034') in 0.007948 seconds 
========================================================================
Received Import Request.
  Time since last request: 0.000173 seconds.
  path: Assets/Scripts/AudioManager.cs
  artifactKey: Guid(f8716e5bd59c1264bb71ce4385056e70) Importer(2089858483,934ff659095e30574adcf32a4c2f97b5)
Start importing Assets/Scripts/AudioManager.cs using Guid(f8716e5bd59c1264bb71ce4385056e70) Importer(2089858483,934ff659095e30574adcf32a4c2f97b5)  -> (artifact id: '6c202d07ada3057a7e2e0988be451342') in 0.007500 seconds 
========================================================================
Received Import Request.
  Time since last request: 0.000188 seconds.
  path: Assets/Prefab/Main Camera.prefab
  artifactKey: Guid(b496ecb3e2ad3ed44a57d6e6fbac7330) Importer(2089858483,934ff659095e30574adcf32a4c2f97b5)
Start importing Assets/Prefab/Main Camera.prefab using Guid(b496ecb3e2ad3ed44a57d6e6fbac7330) Importer(2089858483,934ff659095e30574adcf32a4c2f97b5)  -> (artifact id: '98dfb335468efa8edfc3b9e8cbcbfd55') in 0.008961 seconds 
========================================================================
Received Import Request.
  Time since last request: 0.000142 seconds.
  path: Assets/Scripts/GameManager.cs
  artifactKey: Guid(b4d1f6bdc5160aa4c8ce8959e1ba4938) Importer(2089858483,934ff659095e30574adcf32a4c2f97b5)
Start importing Assets/Scripts/GameManager.cs using Guid(b4d1f6bdc5160aa4c8ce8959e1ba4938) Importer(2089858483,934ff659095e30574adcf32a4c2f97b5)  -> (artifact id: '8e4f5bddd384054bcacb9b7ef9758143') in 0.007263 seconds 
========================================================================
Received Import Request.
  Time since last request: 0.000134 seconds.
  path: Assets/Scripts/PlayerMovement.cs
  artifactKey: Guid(1dc0d129dc0b4484bb225a3c6bedcf43) Importer(2089858483,934ff659095e30574adcf32a4c2f97b5)
Start importing Assets/Scripts/PlayerMovement.cs using Guid(1dc0d129dc0b4484bb225a3c6bedcf43) Importer(2089858483,934ff659095e30574adcf32a4c2f97b5)  -> (artifact id: 'b4e595f5161dfd1fbde923554733b2ba') in 0.008426 seconds 
========================================================================
Received Import Request.
  Time since last request: 0.000177 seconds.
  path: Assets/Scenes/Level.unity
  artifactKey: Guid(9fc0d4010bbf28b4594072e72b8655ab) Importer(2089858483,934ff659095e30574adcf32a4c2f97b5)
Start importing Assets/Scenes/Level.unity using Guid(9fc0d4010bbf28b4594072e72b8655ab) Importer(2089858483,934ff659095e30574adcf32a4c2f97b5)  -> (artifact id: '8d09b55645e3d33ddb5b9cc5320dfea1') in 0.008331 seconds 
========================================================================
Received Import Request.
  Time since last request: 0.000148 seconds.
  path: Assets/music/original/Komiku_-_66_-_This_is_happening.mp3
  artifactKey: Guid(5024185afcfa0c14aac1ba0bf5640091) Importer(2089858483,934ff659095e30574adcf32a4c2f97b5)
Start importing Assets/music/original/Komiku_-_66_-_This_is_happening.mp3 using Guid(5024185afcfa0c14aac1ba0bf5640091) Importer(2089858483,934ff659095e30574adcf32a4c2f97b5)  -> (artifact id: '8adee534eafa0a1926c51c3568f66c8e') in 0.007886 seconds 
========================================================================
Received Import Request.
  Time since last request: 0.000157 seconds.
  path: Assets/other/Bar - Copy.png
  artifactKey: Guid(625fe92f3278ebf448cd97a985183e76) Importer(2089858483,934ff659095e30574adcf32a4c2f97b5)
Start importing Assets/other/Bar - Copy.png using Guid(625fe92f3278ebf448cd97a985183e76) Importer(2089858483,934ff659095e30574adcf32a4c2f97b5)  -> (artifact id: '1052e5dfac9add79b1812af8b41a5261') in 0.009035 seconds 
========================================================================
Received Import Request.
  Time since last request: 0.000175 seconds.
  path: Assets/Scripts/FollowPlayer.cs
  artifactKey: Guid(79529e6686e066f43bb31d6b9be55d22) Importer(2089858483,934ff659095e30574adcf32a4c2f97b5)
Start importing Assets/Scripts/FollowPlayer.cs using Guid(79529e6686e066f43bb31d6b9be55d22) Importer(2089858483,934ff659095e30574adcf32a4c2f97b5)  -> (artifact id: 'cd1f9fdbcd889f5d7f95af453a6c54f8') in 0.007821 seconds 
========================================================================
Received Import Request.
  Time since last request: 0.000156 seconds.
  path: Assets/Animation/HealthBar.controller
  artifactKey: Guid(428d7283b23d3334dbdcfa926776728d) Importer(2089858483,934ff659095e30574adcf32a4c2f97b5)
Start importing Assets/Animation/HealthBar.controller using Guid(428d7283b23d3334dbdcfa926776728d) Importer(2089858483,934ff659095e30574adcf32a4c2f97b5)  -> (artifact id: 'dd158632d44f36d7e752a253a1bb5a1d') in 0.007382 seconds 
========================================================================
Received Import Request.
  Time since last request: 0.000170 seconds.
  path: Assets/Earning.cs
  artifactKey: Guid(e82a5755c921d264c809dfc6cceb5203) Importer(2089858483,934ff659095e30574adcf32a4c2f97b5)
Start importing Assets/Earning.cs using Guid(e82a5755c921d264c809dfc6cceb5203) Importer(2089858483,934ff659095e30574adcf32a4c2f97b5)  -> (artifact id: 'edff68fad6593a5580c22f905ffa7c88') in 0.008161 seconds 
========================================================================
Received Import Request.
  Time since last request: 0.000163 seconds.
  path: Assets/Scripts/Spawner.cs
  artifactKey: Guid(8528059cb6275d44a82a13ec93b92bc8) Importer(2089858483,934ff659095e30574adcf32a4c2f97b5)
Start importing Assets/Scripts/Spawner.cs using Guid(8528059cb6275d44a82a13ec93b92bc8) Importer(2089858483,934ff659095e30574adcf32a4c2f97b5)  -> (artifact id: 'c8c366bbe3464fff125b04be8c46896f') in 0.008770 seconds 
========================================================================
Received Import Request.
  Time since last request: 0.000131 seconds.
  path: Assets/Prefab/Fader.prefab
  artifactKey: Guid(dd86e6aaecaecb04e847a4f1769cd74d) Importer(2089858483,934ff659095e30574adcf32a4c2f97b5)
Start importing Assets/Prefab/Fader.prefab using Guid(dd86e6aaecaecb04e847a4f1769cd74d) Importer(2089858483,934ff659095e30574adcf32a4c2f97b5)  -> (artifact id: 'fa3a8be6162eabcff98ee83d84c3cc41') in 0.006860 seconds 
========================================================================
Received Import Request.
  Time since last request: 0.000141 seconds.
  path: Assets/other/wqewqewqeqwe.png
  artifactKey: Guid(8ce5f4a3963c473458fff32a1b96bfba) Importer(2089858483,934ff659095e30574adcf32a4c2f97b5)
Start importing Assets/other/wqewqewqeqwe.png using Guid(8ce5f4a3963c473458fff32a1b96bfba) Importer(2089858483,934ff659095e30574adcf32a4c2f97b5)  -> (artifact id: '26e12098b834224d0561c737be8d7456') in 0.015982 seconds 
========================================================================
Received Import Request.
  Time since last request: 0.000148 seconds.
  path: Assets/Scenes/EndGame.unity
  artifactKey: Guid(6cff01adfbfa48d4eb80426244e18b96) Importer(2089858483,934ff659095e30574adcf32a4c2f97b5)
Start importing Assets/Scenes/EndGame.unity using Guid(6cff01adfbfa48d4eb80426244e18b96) Importer(2089858483,934ff659095e30574adcf32a4c2f97b5)  -> (artifact id: 'd17b2f27a47547518503541ac6fb8a33') in 0.008297 seconds 
========================================================================
Received Import Request.
  Time since last request: 0.000165 seconds.
  path: Assets/music/original/description.txt
  artifactKey: Guid(e86580719ba75e74b9d0d338edd93030) Importer(2089858483,934ff659095e30574adcf32a4c2f97b5)
Start importing Assets/music/original/description.txt using Guid(e86580719ba75e74b9d0d338edd93030) Importer(2089858483,934ff659095e30574adcf32a4c2f97b5)  -> (artifact id: '875e00c384df88e8221aef55bcbda4ad') in 0.010904 seconds 
========================================================================
Received Import Request.
  Time since last request: 0.000159 seconds.
  path: Assets/Scripts/LevelSelecor.cs
  artifactKey: Guid(3bf91450e2e06604db3a0414cdbe3c6d) Importer(2089858483,934ff659095e30574adcf32a4c2f97b5)
Start importing Assets/Scripts/LevelSelecor.cs using Guid(3bf91450e2e06604db3a0414cdbe3c6d) Importer(2089858483,934ff659095e30574adcf32a4c2f97b5)  -> (artifact id: '06f48243030e3005f0713eff29fc4818') in 0.008427 seconds 
========================================================================
Received Import Request.
  Time since last request: 0.000188 seconds.
  path: Assets/NewBehaviourScript.cs
  artifactKey: Guid(8dab99d37483750439fc14681784e13c) Importer(2089858483,934ff659095e30574adcf32a4c2f97b5)
Start importing Assets/NewBehaviourScript.cs using Guid(8dab99d37483750439fc14681784e13c) Importer(2089858483,934ff659095e30574adcf32a4c2f97b5)  -> (artifact id: '0f2a5c497465347b402aaa7d5949a62c') in 0.008732 seconds 
========================================================================
Received Import Request.
  Time since last request: 0.000165 seconds.
  path: Assets/Animation/ErnedMoney.controller
  artifactKey: Guid(0f1172866e2ac454bb7a42cfb591d34d) Importer(2089858483,934ff659095e30574adcf32a4c2f97b5)
Start importing Assets/Animation/ErnedMoney.controller using Guid(0f1172866e2ac454bb7a42cfb591d34d) Importer(2089858483,934ff659095e30574adcf32a4c2f97b5)  -> (artifact id: 'e7802b921e2dcc2011c027f3d17f3518') in 0.009322 seconds 
========================================================================
Received Import Request.
  Time since last request: 0.000142 seconds.
  path: Assets/music/original/rise-and-shine.mp3
  artifactKey: Guid(7201c4854d189184281505cd365db144) Importer(2089858483,934ff659095e30574adcf32a4c2f97b5)
Start importing Assets/music/original/rise-and-shine.mp3 using Guid(7201c4854d189184281505cd365db144) Importer(2089858483,934ff659095e30574adcf32a4c2f97b5)  -> (artifact id: '2e2ff952c3b2aa35a9cb06f8ee2535d2') in 0.008403 seconds 
========================================================================
Received Prepare
Registering precompiled user dll's ...
Registered in 0.002816 seconds.
Begin MonoManager ReloadAssembly
Native extension for WindowsStandalone target not found
Refreshing native plugins compatible for Editor in 0.60 ms, found 1 plugins.
Preloading 0 native plugins for Editor in 0.00 ms.
Mono: successfully reloaded assembly
- Completed reload, in  0.819 seconds
Platform modules already initialized, skipping
Switching build target platform(19) subTarget(0) extendedPlatform(0) -> platform(13) subTarget(537395200) extendedPlatform(0)
Refreshing native plugins compatible for Editor in 0.59 ms, found 1 plugins.
Preloading 0 native plugins for Editor in 0.00 ms.
Unloading 2692 Unused Serialized files (Serialized files now loaded: 0)
System memory in use before: 117.4 MB.
System memory in use after: 117.6 MB.

Unloading 10 unused Assets to reduce memory usage. Loaded Objects now: 3180.
Total: 2.029200 ms (FindLiveObjects: 0.293500 ms CreateObjectMapping: 0.076100 ms MarkObjects: 1.605900 ms  DeleteObjects: 0.052600 ms)

AssetImportParameters requested are different than current active one (requested -> active):
  custom:graphics/normal-map-encoding: 01000000000000000000000000000000 -> 02000000000000000000000000000000
========================================================================
Received Import Request.
  Time since last request: 821.079613 seconds.
  path: Assets/Scripts/Spawner.cs
  artifactKey: Guid(8528059cb6275d44a82a13ec93b92bc8) Importer(815301076,1909f56bfc062723c751e8b465ee728b)
Start importing Assets/Scripts/Spawner.cs using Guid(8528059cb6275d44a82a13ec93b92bc8) Importer(815301076,1909f56bfc062723c751e8b465ee728b)  -> (artifact id: '09c383abb3f11d20972d3dc301af3d35') in 0.009599 seconds 
========================================================================
Received Prepare
Registering precompiled user dll's ...
Registered in 0.002686 seconds.
Begin MonoManager ReloadAssembly
Native extension for WindowsStandalone target not found
Refreshing native plugins compatible for Editor in 0.58 ms, found 1 plugins.
Preloading 0 native plugins for Editor in 0.00 ms.
Mono: successfully reloaded assembly
- Completed reload, in  0.741 seconds
Platform modules already initialized, skipping
Switching build target platform(19) subTarget(0) extendedPlatform(0) -> platform(13) subTarget(537395200) extendedPlatform(0)
Refreshing native plugins compatible for Editor in 0.99 ms, found 1 plugins.
Preloading 0 native plugins for Editor in 0.00 ms.
Unloading 2692 Unused Serialized files (Serialized files now loaded: 0)
System memory in use before: 117.5 MB.
System memory in use after: 117.7 MB.

Unloading 10 unused Assets to reduce memory usage. Loaded Objects now: 3183.
Total: 2.011100 ms (FindLiveObjects: 0.320300 ms CreateObjectMapping: 0.074500 ms MarkObjects: 1.566000 ms  DeleteObjects: 0.049300 ms)

AssetImportParameters requested are different than current active one (requested -> active):
  custom:graphics/normal-map-encoding: 01000000000000000000000000000000 -> 02000000000000000000000000000000
========================================================================
Received Import Request.
  Time since last request: 190.734354 seconds.
  path: Assets/Scripts/Spawner.cs
  artifactKey: Guid(8528059cb6275d44a82a13ec93b92bc8) Importer(815301076,1909f56bfc062723c751e8b465ee728b)
Start importing Assets/Scripts/Spawner.cs using Guid(8528059cb6275d44a82a13ec93b92bc8) Importer(815301076,1909f56bfc062723c751e8b465ee728b)  -> (artifact id: 'c3401da2807758072d17b88cc6bbb060') in 0.005750 seconds 
========================================================================
Received Prepare
Refreshing native plugins compatible for Editor in 2.04 ms, found 1 plugins.
Preloading 0 native plugins for Editor in 0.00 ms.
Unloading 8 Unused Serialized files (Serialized files now loaded: 0)
System memory in use before: 64.8 MB.
System memory in use after: 65.0 MB.

Unloading 8 unused Assets to reduce memory usage. Loaded Objects now: 3183.
Total: 2.157100 ms (FindLiveObjects: 0.277200 ms CreateObjectMapping: 0.068500 ms MarkObjects: 1.766300 ms  DeleteObjects: 0.044500 ms)

========================================================================
Received Import Request.
  Time since last request: 4942.129878 seconds.
  path: Assets/Scenes/Level.unity
  artifactKey: Guid(9fc0d4010bbf28b4594072e72b8655ab) Importer(815301076,1909f56bfc062723c751e8b465ee728b)
Start importing Assets/Scenes/Level.unity using Guid(9fc0d4010bbf28b4594072e72b8655ab) Importer(815301076,1909f56bfc062723c751e8b465ee728b)  -> (artifact id: '9e215198fa42f006be8c25b9e11166d3') in 0.065643 seconds 
========================================================================
Received Prepare
Registering precompiled user dll's ...
Registered in 0.002987 seconds.
Begin MonoManager ReloadAssembly
Native extension for WindowsStandalone target not found
Refreshing native plugins compatible for Editor in 0.59 ms, found 1 plugins.
Preloading 0 native plugins for Editor in 0.00 ms.
Mono: successfully reloaded assembly
- Completed reload, in  0.840 seconds
Platform modules already initialized, skipping
Switching build target platform(19) subTarget(0) extendedPlatform(0) -> platform(13) subTarget(537395200) extendedPlatform(0)
Refreshing native plugins compatible for Editor in 0.58 ms, found 1 plugins.
Preloading 0 native plugins for Editor in 0.00 ms.
Unloading 2692 Unused Serialized files (Serialized files now loaded: 0)
System memory in use before: 117.5 MB.
System memory in use after: 117.7 MB.

Unloading 10 unused Assets to reduce memory usage. Loaded Objects now: 3186.
Total: 2.014200 ms (FindLiveObjects: 0.249700 ms CreateObjectMapping: 0.077700 ms MarkObjects: 1.605500 ms  DeleteObjects: 0.079800 ms)

AssetImportParameters requested are different than current active one (requested -> active):
  custom:graphics/normal-map-encoding: 01000000000000000000000000000000 -> 02000000000000000000000000000000
========================================================================
Received Prepare
Registering precompiled user dll's ...
Registered in 0.002518 seconds.
Begin MonoManager ReloadAssembly
Native extension for WindowsStandalone target not found
Refreshing native plugins compatible for Editor in 0.59 ms, found 1 plugins.
Preloading 0 native plugins for Editor in 0.00 ms.
Mono: successfully reloaded assembly
- Completed reload, in  0.804 seconds
Platform modules already initialized, skipping
Switching build target platform(19) subTarget(0) extendedPlatform(0) -> platform(13) subTarget(537395200) extendedPlatform(0)
Refreshing native plugins compatible for Editor in 0.59 ms, found 1 plugins.
Preloading 0 native plugins for Editor in 0.00 ms.
Unloading 2692 Unused Serialized files (Serialized files now loaded: 0)
System memory in use before: 117.5 MB.
System memory in use after: 117.7 MB.

Unloading 10 unused Assets to reduce memory usage. Loaded Objects now: 3189.
Total: 1.906200 ms (FindLiveObjects: 0.242100 ms CreateObjectMapping: 0.070200 ms MarkObjects: 1.543800 ms  DeleteObjects: 0.049000 ms)

AssetImportParameters requested are different than current active one (requested -> active):
  custom:graphics/normal-map-encoding: 01000000000000000000000000000000 -> 02000000000000000000000000000000
========================================================================
Received Prepare
Registering precompiled user dll's ...
Registered in 0.002628 seconds.
Begin MonoManager ReloadAssembly
Native extension for WindowsStandalone target not found
Refreshing native plugins compatible for Editor in 0.58 ms, found 1 plugins.
Preloading 0 native plugins for Editor in 0.00 ms.
Mono: successfully reloaded assembly
- Completed reload, in  0.743 seconds
Platform modules already initialized, skipping
Switching build target platform(19) subTarget(0) extendedPlatform(0) -> platform(13) subTarget(537395200) extendedPlatform(0)
Refreshing native plugins compatible for Editor in 0.65 ms, found 1 plugins.
Preloading 0 native plugins for Editor in 0.00 ms.
Unloading 2692 Unused Serialized files (Serialized files now loaded: 0)
System memory in use before: 117.5 MB.
System memory in use after: 117.7 MB.

Unloading 10 unused Assets to reduce memory usage. Loaded Objects now: 3192.
Total: 1.880000 ms (FindLiveObjects: 0.240900 ms CreateObjectMapping: 0.067200 ms MarkObjects: 1.525900 ms  DeleteObjects: 0.045100 ms)

AssetImportParameters requested are different than current active one (requested -> active):
  custom:graphics/normal-map-encoding: 01000000000000000000000000000000 -> 02000000000000000000000000000000
========================================================================
Received Prepare
Registering precompiled user dll's ...
Registered in 0.002535 seconds.
Begin MonoManager ReloadAssembly
Native extension for WindowsStandalone target not found
Refreshing native plugins compatible for Editor in 0.58 ms, found 1 plugins.
Preloading 0 native plugins for Editor in 0.00 ms.
Mono: successfully reloaded assembly
- Completed reload, in  0.750 seconds
Platform modules already initialized, skipping
Switching build target platform(19) subTarget(0) extendedPlatform(0) -> platform(13) subTarget(537395200) extendedPlatform(0)
Refreshing native plugins compatible for Editor in 0.62 ms, found 1 plugins.
Preloading 0 native plugins for Editor in 0.00 ms.
Unloading 2692 Unused Serialized files (Serialized files now loaded: 0)
System memory in use before: 117.5 MB.
System memory in use after: 117.7 MB.

Unloading 10 unused Assets to reduce memory usage. Loaded Objects now: 3195.
Total: 1.899400 ms (FindLiveObjects: 0.248600 ms CreateObjectMapping: 0.078400 ms MarkObjects: 1.525600 ms  DeleteObjects: 0.045600 ms)

AssetImportParameters requested are different than current active one (requested -> active):
  custom:graphics/normal-map-encoding: 01000000000000000000000000000000 -> 02000000000000000000000000000000
========================================================================
Received Import Request.
  Time since last request: 1972.730809 seconds.
  path: Assets/Scenes/Shop.unity
  artifactKey: Guid(4f82a2659b524734294f76ab9719f1fb) Importer(815301076,1909f56bfc062723c751e8b465ee728b)
Start importing Assets/Scenes/Shop.unity using Guid(4f82a2659b524734294f76ab9719f1fb) Importer(815301076,1909f56bfc062723c751e8b465ee728b)  -> (artifact id: 'e911252ea30c11b29a13488ebd1aa951') in 0.017480 seconds 
========================================================================
Received Prepare
Registering precompiled user dll's ...
Registered in 0.002414 seconds.
Begin MonoManager ReloadAssembly
Native extension for WindowsStandalone target not found
Refreshing native plugins compatible for Editor in 0.63 ms, found 1 plugins.
Preloading 0 native plugins for Editor in 0.00 ms.
Mono: successfully reloaded assembly
- Completed reload, in  0.815 seconds
Platform modules already initialized, skipping
Switching build target platform(19) subTarget(0) extendedPlatform(0) -> platform(13) subTarget(537395200) extendedPlatform(0)
Refreshing native plugins compatible for Editor in 0.61 ms, found 1 plugins.
Preloading 0 native plugins for Editor in 0.00 ms.
Unloading 2692 Unused Serialized files (Serialized files now loaded: 0)
System memory in use before: 117.6 MB.
System memory in use after: 117.8 MB.

Unloading 10 unused Assets to reduce memory usage. Loaded Objects now: 3198.
Total: 1.921000 ms (FindLiveObjects: 0.250900 ms CreateObjectMapping: 0.077600 ms MarkObjects: 1.548000 ms  DeleteObjects: 0.043700 ms)

AssetImportParameters requested are different than current active one (requested -> active):
  custom:graphics/normal-map-encoding: 01000000000000000000000000000000 -> 02000000000000000000000000000000
========================================================================
Received Prepare
Registering precompiled user dll's ...
Registered in 0.002569 seconds.
Begin MonoManager ReloadAssembly
Native extension for WindowsStandalone target not found
Refreshing native plugins compatible for Editor in 0.59 ms, found 1 plugins.
Preloading 0 native plugins for Editor in 0.00 ms.
Mono: successfully reloaded assembly
- Completed reload, in  0.789 seconds
Platform modules already initialized, skipping
Switching build target platform(19) subTarget(0) extendedPlatform(0) -> platform(13) subTarget(537395200) extendedPlatform(0)
Refreshing native plugins compatible for Editor in 0.81 ms, found 1 plugins.
Preloading 0 native plugins for Editor in 0.00 ms.
Unloading 2692 Unused Serialized files (Serialized files now loaded: 0)
System memory in use before: 117.6 MB.
System memory in use after: 117.8 MB.

Unloading 10 unused Assets to reduce memory usage. Loaded Objects now: 3201.
Total: 1.929400 ms (FindLiveObjects: 0.246400 ms CreateObjectMapping: 0.069200 ms MarkObjects: 1.564700 ms  DeleteObjects: 0.048000 ms)

AssetImportParameters requested are different than current active one (requested -> active):
  custom:graphics/normal-map-encoding: 01000000000000000000000000000000 -> 02000000000000000000000000000000
========================================================================
Received Import Request.
  Time since last request: 1390.658509 seconds.
  path: Assets/other/play shop/201600154_394360218570364_875901470610421942_n.jpg
  artifactKey: Guid(e1eab7d9150e2b24ebf9a974ea438458) Importer(815301076,1909f56bfc062723c751e8b465ee728b)
Start importing Assets/other/play shop/201600154_394360218570364_875901470610421942_n.jpg using Guid(e1eab7d9150e2b24ebf9a974ea438458) Importer(815301076,1909f56bfc062723c751e8b465ee728b)  -> (artifact id: '95053d31e1ded87e9676abdbac1c1b5b') in 0.071140 seconds 
========================================================================
Received Import Request.
  Time since last request: 0.000131 seconds.
  path: Assets/other/play shop/204018565_156126056460813_4355456184130560646_n.jpg
  artifactKey: Guid(c79e8d184f12e1e40b3d01cfdf618079) Importer(815301076,1909f56bfc062723c751e8b465ee728b)
Start importing Assets/other/play shop/204018565_156126056460813_4355456184130560646_n.jpg using Guid(c79e8d184f12e1e40b3d01cfdf618079) Importer(815301076,1909f56bfc062723c751e8b465ee728b)  -> (artifact id: 'e39695b9160c25e578424f1722cbf70b') in 0.019210 seconds 
========================================================================
Received Import Request.
  Time since last request: 0.000168 seconds.
  path: Assets/other/play shop/wadewedwe.png
  artifactKey: Guid(c90511dbbb87d2342969af7a0ba96cde) Importer(815301076,1909f56bfc062723c751e8b465ee728b)
Start importing Assets/other/play shop/wadewedwe.png using Guid(c90511dbbb87d2342969af7a0ba96cde) Importer(815301076,1909f56bfc062723c751e8b465ee728b)  -> (artifact id: '144d221f2053b7d70e8e2b88b3aac766') in 0.016070 seconds 
========================================================================
Received Import Request.
  Time since last request: 0.000154 seconds.
  path: Assets/other/play shop/201600154_394360218570364_875901470610421942_n - Copy.jpg
  artifactKey: Guid(5a3b6ab214946f346b8bce0e9fa149ee) Importer(815301076,1909f56bfc062723c751e8b465ee728b)
Start importing Assets/other/play shop/201600154_394360218570364_875901470610421942_n - Copy.jpg using Guid(5a3b6ab214946f346b8bce0e9fa149ee) Importer(815301076,1909f56bfc062723c751e8b465ee728b)  -> (artifact id: '32f3da0a210f3addb4892b56ca6c26eb') in 0.016425 seconds 
========================================================================
Received Import Request.
  Time since last request: 0.000187 seconds.
  path: Assets/other/play shop/myIconHighResolution.png
  artifactKey: Guid(f250c1998ae857e4c9e9b4b02d799417) Importer(815301076,1909f56bfc062723c751e8b465ee728b)
Start importing Assets/other/play shop/myIconHighResolution.png using Guid(f250c1998ae857e4c9e9b4b02d799417) Importer(815301076,1909f56bfc062723c751e8b465ee728b)  -> (artifact id: 'e469c3304ea0aa26ca88da5de4695241') in 0.015792 seconds 
========================================================================
Received Import Request.
  Time since last request: 39.416736 seconds.
  path: Assets/other/play shop
  artifactKey: Guid(5a925ff362dbc1548aa1da7b9f0dce5d) Importer(815301076,1909f56bfc062723c751e8b465ee728b)
Start importing Assets/other/play shop using Guid(5a925ff362dbc1548aa1da7b9f0dce5d) Importer(815301076,1909f56bfc062723c751e8b465ee728b)  -> (artifact id: '9dac9f6c890a073947991841549d17c4') in 0.007171 seconds 
========================================================================
Received Import Request.
  Time since last request: 6.343644 seconds.
  path: Assets/other/play shop/wadewedwe.png
  artifactKey: Guid(c90511dbbb87d2342969af7a0ba96cde) Importer(815301076,1909f56bfc062723c751e8b465ee728b)
Start importing Assets/other/play shop/wadewedwe.png using Guid(c90511dbbb87d2342969af7a0ba96cde) Importer(815301076,1909f56bfc062723c751e8b465ee728b)  -> (artifact id: '7ccb368af100e1202e1cc1d19d69f959') in 0.050827 seconds 
========================================================================
Received Prepare
Registering precompiled user dll's ...
Registered in 0.003154 seconds.
Begin MonoManager ReloadAssembly
Native extension for WindowsStandalone target not found
Refreshing native plugins compatible for Editor in 0.57 ms, found 1 plugins.
Preloading 0 native plugins for Editor in 0.00 ms.
Mono: successfully reloaded assembly
- Completed reload, in  0.814 seconds
Platform modules already initialized, skipping
Switching build target platform(19) subTarget(0) extendedPlatform(0) -> platform(13) subTarget(537395200) extendedPlatform(0)
Refreshing native plugins compatible for Editor in 0.60 ms, found 1 plugins.
Preloading 0 native plugins for Editor in 0.00 ms.
Unloading 2697 Unused Serialized files (Serialized files now loaded: 0)
System memory in use before: 126.3 MB.
System memory in use after: 126.5 MB.

Unloading 10 unused Assets to reduce memory usage. Loaded Objects now: 3301.
Total: 2.254600 ms (FindLiveObjects: 0.257800 ms CreateObjectMapping: 0.073100 ms MarkObjects: 1.875900 ms  DeleteObjects: 0.046800 ms)

AssetImportParameters requested are different than current active one (requested -> active):
  custom:graphics/normal-map-encoding: 01000000000000000000000000000000 -> 02000000000000000000000000000000
========================================================================
Received Prepare
Registering precompiled user dll's ...
Registered in 0.002814 seconds.
Begin MonoManager ReloadAssembly
Native extension for WindowsStandalone target not found
Refreshing native plugins compatible for Editor in 0.61 ms, found 1 plugins.
Preloading 0 native plugins for Editor in 0.00 ms.
Mono: successfully reloaded assembly
- Completed reload, in  0.800 seconds
Platform modules already initialized, skipping
Switching build target platform(19) subTarget(0) extendedPlatform(0) -> platform(13) subTarget(537395200) extendedPlatform(0)
Refreshing native plugins compatible for Editor in 0.57 ms, found 1 plugins.
Preloading 0 native plugins for Editor in 0.00 ms.
Unloading 2692 Unused Serialized files (Serialized files now loaded: 0)
System memory in use before: 126.1 MB.
System memory in use after: 126.3 MB.

Unloading 10 unused Assets to reduce memory usage. Loaded Objects now: 3304.
Total: 1.969700 ms (FindLiveObjects: 0.256000 ms CreateObjectMapping: 0.078500 ms MarkObjects: 1.589700 ms  DeleteObjects: 0.044700 ms)

AssetImportParameters requested are different than current active one (requested -> active):
  custom:graphics/normal-map-encoding: 01000000000000000000000000000000 -> 02000000000000000000000000000000
========================================================================
Received Prepare
Refreshing native plugins compatible for Editor in 2.09 ms, found 1 plugins.
Preloading 0 native plugins for Editor in 0.00 ms.
Unloading 8 Unused Serialized files (Serialized files now loaded: 0)
System memory in use before: 73.4 MB.
System memory in use after: 73.6 MB.

Unloading 8 unused Assets to reduce memory usage. Loaded Objects now: 3304.
Total: 2.009700 ms (FindLiveObjects: 0.284500 ms CreateObjectMapping: 0.067400 ms MarkObjects: 1.619400 ms  DeleteObjects: 0.037900 ms)

AssetImportWorkerClient::OnTransportError - code=2 error=End of file
